   IIN JIN   IFIN JFIN  ORD   LEN
   76  143    77  144    1    1.4
   76  144    77  144    1    1.0
   77  143    77  144    1    1.0
   77  145    77  144    1    1.0
   78  142    78  144    1    2.0
   78  146    81  145    1    4.0
   78  148    80  147    1    3.0
   79  142    79  144    1    2.0
   79  146    81  146    1    2.0
   79  148    80  148    1    1.0
   79  149    80  148    1    2.0
   80  140    81  141    1    2.0
   80  141    81  141    1    1.0
   80  142    82  142    1    2.0
   80  143    80  144    1    1.0
   81  143    82  144    1    2.0
   81  144    82  144    1    1.0
   81  149    81  147    1    2.0
   82  140    82  141    1    1.0
   82  149    82  147    1    2.0
   83  141    83  143    1    2.0
   83  145    83  144    1    1.0
   83  146    82  146    1    1.0
   83  149    82  147    1    3.0
   84  140    85  143    1    4.0
   84  145    84  144    1    1.0
   84  146    85  146    1    1.0
   84  149    85  146    1    3.4
   84  150    85  150    1    1.0
   84  152    85  151    1    2.0
   85  140    85  143    1    3.0
   85  145    85  144    1    1.0
   85  147    85  146    1    1.0
   85  148    86  148    1    1.0
   85  149    86  149    1    1.0
   85  153    85  151    1    2.0
   86  139    87  138    1    1.4
   86  140    86  143    1    3.0
   86  153    86  150    1    3.0
   87  122    91  121    1    4.4
   87  137    88  138    1    1.4
   87  139    87  138    1    1.0
   87  140    88  141    1    2.0
   87  141    88  141    1    1.0
   87  142    87  143    1    1.0
   87  145    87  143    1    2.0
   87  146    86  146    1    1.0
   87  153    87  150    1    3.0
   88  122    93  122    1    5.0
   88  123    89  123    1    1.0
   88  137    88  138    1    1.0
   88  139    88  138    1    1.0
   88  142    89  142    1    1.0
   88  146    88  143    1    3.0
   88  147    87  147    1    1.0
   88  148    87  148    1    1.0
   88  149    87  149    1    1.0
   88  153    87  150    1    4.0
   88  154    89  154    1    1.0
   89  120    90  119    1    1.4
   89  124    89  123    1    1.0
   89  137    96  137    1    7.0
   89  139    90  140    1    1.4
   89  140    90  140    1    1.0
   89  141    90  141    1    1.0
   89  145    89  143    1    2.0
   89  146    90  146    1    1.0
   89  151    89  150    1    1.0
   89  152    90  152    1    1.0
   89  153    90  153    1    1.0
   89  155    89  154    1    1.0
   90  118    90  119    1    1.0
   90  120    91  120    1    1.0
   90  124    95  124    1    5.0
   90  125    96  125    1    6.0
   90  129    93  129    1    3.0
   90  130    94  130    1    4.0
   90  131    92  131    1    2.0
   90  132    92  131    1    3.0
   90  133    92  134    1    3.0
   90  134    92  134    1    2.0
   90  136    93  135    1    4.0
   90  139    93  139    1    3.0
   90  142    90  141    1    1.0
   90  144    89  143    1    2.0
   90  148    90  146    1    2.0
   90  149    89  149    1    1.0
   90  150    89  150    1    1.0
   90  151    90  152    1    1.0
   90  156    90  153    1    3.0
   90  157    92  157    1    2.0
   91  116    93  116    1    2.0
   91  118    91  120    1    2.0
   91  126    94  126    1    3.0
   91  127    94  127    1    3.0
   91  128    93  129    1    2.4
   91  135    93  135    1    2.0
   91  142    91  141    1    1.0
   91  143    92  143    1    1.0
   91  150    91  148    1    2.0
   91  151    92  151    1    1.0
   91  155    91  154    1    1.0
   91  156    92  156    1    1.0
   92  117    93  117    1    1.0
   92  118    92  121    1    3.0
   92  142    92  140    1    2.0
   92  146    92  145    1    1.0
   92  147    91  147    1    1.0
   92  149    91  148    1    2.0
   92  150    92  151    1    1.0
   92  152    92  151    1    1.0
   92  153    91  153    1    1.0
   92  154    91  154    1    1.0
   92  155    92  156    1    1.0
   92  159    92  157    1    2.0
   93  115    96  114    1    3.4
   93  118    93  117    1    1.0
   93  119    93  122    1    3.0
   93  128    93  129    1    1.0
   93  132    94  131    1    2.0
   93  133    93  134    1    1.0
   93  143    93  142    1    1.0
   93  144    92  144    1    1.0
   93  149    93  148    1    1.0
   93  150    93  151    1    1.0
   93  152    93  151    1    1.0
   93  154    94  153    1    2.0
   93  155    93  157    1    2.0
   93  159    93  157    1    2.0
   94  115    97  115    1    3.0
   94  118    94  116    1    2.0
   94  119    94  123    1    4.0
   94  128    94  127    1    1.0
   94  133    94  134    1    1.0
   94  136    96  136    1    2.0
   94  144    94  143    1    1.0
   94  145    92  145    1    2.0
   94  146    93  146    1    1.0
   94  147    93  147    1    1.0
   94  148    93  148    1    1.0
   94  149    96  149    1    2.0
   94  150    94  151    1    1.0
   94  154    94  153    1    1.0
   94  155    96  155    1    2.0
   94  156    94  157    1    1.0
   94  160    94  157    1    3.0
   95  113    96  114    1    2.0
   95  117    96  117    1    1.0
   95  118    96  117    1    2.0
   95  119    96  119    1    1.0
   95  120    95  124    1    4.0
   95  127    95  126    1    1.0
   95  128    97  127    1    3.0
   95  129    95  130    1    1.0
   95  131    98  131    1    3.0
   95  132    97  132    1    2.0
   95  133    97  132    1    3.0
   95  134    97  134    1    2.0
   95  143    95  138    1    5.0
   95  147    95  146    1    1.0
   95  148    96  148    1    1.0
   95  150    95  151    1    1.0
   95  154    95  151    1    3.0
   95  156    95  157    1    1.0
   95  158    95  157    1    1.0
   95  159    96  159    1    1.0
   95  160    96  160    1    1.0
   96  120    96  119    1    1.0
   96  121    96  122    1    1.0
   96  127    97  127    1    1.0
   96  129    99  128    1    4.0
   96  144    96  143    1    1.0
   96  145    95  145    1    1.0
   96  146    95  146    1    1.0
   96  147    96  148    1    1.0
   96  150    97  150    1    1.0
   96  153    96  151    1    2.0
   96  154    96  155    1    1.0
   96  156    97  156    1    1.0
   96  161    96  160    1    1.0
   96  162    98  161    1    3.0
   97  110    99  110    1    2.0
   97  112    98  111    1    2.0
   97  113    98  114    1    1.4
   97  114    98  114    1    1.0
   97  118    97  117    1    1.0
   97  120    97  119    1    1.0
   97  121    98  121    1    1.0
   97  122    96  122    1    1.0
   97  123    97  125    1    2.0
   97  135    97  134    1    1.0
   97  136    96  136    1    1.0
   97  138    97  137    1    1.0
   97  141    96  139    1    3.0
   97  142    96  142    1    1.0
   97  143    96  143    1    1.0
   97  144   100  144    1    3.0
   97  145    99  145    1    2.0
   97  146    97  149    1    3.0
   97  153    97  150    1    3.0
   97  154    97  155    1    1.0
   97  157    98  157    1    1.0
   97  160    98  157    1    3.4
   97  161    98  161    1    1.0
   98  109   100  109    1    2.0
   98  112    98  111    1    1.0
   98  113    98  114    1    1.0
   98  118   101  118    1    3.0
   98  120   105  120    1    7.0
   98  122    98  121    1    1.0
   98  123    97  125    1    3.0
   98  126    98  127    1    1.0
   98  133    98  132    1    1.0
   98  136    98  134    1    2.0
   98  140    98  138    1    2.0
   98  141   100  141    1    2.0
   98  142   100  141    1    3.0
   98  143   102  143    1    4.0
   98  146    98  149    1    3.0
   98  153    98  149    1    4.0
   98  154    98  155    1    1.0
   98  159    98  157    1    2.0
   98  160    99  160    1    1.0
   99  112   104  112    1    5.0
   99  113   100  113    1    1.0
   99  114    99  115    1    1.0
   99  122    99  121    1    1.0
   99  123    99  128    1    5.0
   99  130    99  129    1    1.0
   99  131    98  131    1    1.0
   99  136    99  134    1    2.0
   99  137    97  137    1    2.0
   99  140    98  138    1    3.0
   99  146    99  145    1    1.0
   99  147    99  149    1    2.0
   99  152    99  149    1    3.0
   99  153   100  153    1    1.0
   99  154    99  155    1    1.0
   99  158   100  156    1    2.4
  100  108   100  109    1    1.0
  100  111   102  111    1    2.0
  100  114   100  113    1    1.0
  100  115   100  116    1    1.0
  100  122   100  121    1    1.0
  100  123   102  123    1    2.0
  100  124   100  129    1    5.0
  100  131   100  129    1    2.0
  100  132    99  132    1    1.0
  100  137   100  133    1    4.0
  100  138   104  138    1    4.0
  100  139   104  139    1    4.0
  100  140   104  139    1    5.0
  100  146   100  145    1    1.0
  100  147   100  149    1    2.0
  100  151   100  149    1    2.0
  100  152   100  153    1    1.0
  100  154   102  154    1    2.0
  100  159   100  158    1    1.0
  100  161    99  161    1    1.0
  100  162    99  161    1    2.0
  101  114   101  113    1    1.0
  101  115   101  116    1    1.0
  101  122   106  122    1    5.0
  101  124   102  128    1    5.0
  101  131   101  129    1    2.0
  101  132   100  133    1    2.0
  101  137   101  134    1    3.0
  101  142   101  141    1    1.0
  101  146   101  144    1    2.0
  101  147   103  147    1    2.0
  101  148   102  148    1    1.0
  101  151   101  149    1    2.0
  101  152   101  153    1    1.0
  101  157   101  155    1    2.0
  101  158   100  158    1    1.0
  101  159   102  159    1    1.0
  101  160    99  160    1    2.0
  101  163   102  160    1    3.4
  102  114   104  114    1    2.0
  102  115   105  115    1    3.0
  102  116   105  116    1    3.0
  102  117   102  118    1    1.0
  102  119   103  119    1    1.0
  102  124   102  123    1    1.0
  102  125   103  127    1    2.4
  102  126   103  127    1    2.0
  102  132   102  129    1    3.0
  102  133   102  134    1    1.0
  102  137   102  135    1    2.0
  102  142   103  142    1    1.0
  102  146   102  144    1    2.0
  102  151   102  150    1    1.0
  102  152   102  153    1    1.0
  102  156   102  154    1    2.0
  102  157   103  157    1    1.0
  102  161   102  160    1    1.0
  102  162   104  161    1    2.4
  102  163   103  163    1    1.0
  103  105   107  105    1    4.0
  103  106   102  107    1    1.4
  103  107   102  107    1    1.0
  103  109   103  111    1    2.0
  103  117   103  118    1    1.0
  103  124   105  124    1    2.0
  103  125   105  125    1    2.0
  103  128   103  127    1    1.0
  103  133   103  130    1    3.0
  103  134   102  134    1    1.0
  103  137   103  135    1    2.0
  103  148   103  147    1    1.0
  103  149   102  149    1    1.0
  103  150   102  150    1    1.0
  103  152   104  153    1    2.0
  103  155   103  154    1    1.0
  103  156   103  157    1    1.0
  103  159   104  159    1    1.0
  103  160   104  160    1    1.0
  103  161   104  161    1    1.0
  103  164   103  163    1    1.0
  104  106   108  106    1    4.0
  104  107   108  107    1    4.0
  104  108   102  111    1    5.0
  104  109   104  110    1    1.0
  104  117   106  117    1    2.0
  104  118   104  119    1    1.0
  104  126   105  126    1    1.0
  104  128   104  127    1    1.0
  104  129   102  129    1    2.0
  104  133   104  130    1    3.0
  104  134   103  135    1    2.0
  104  149   104  147    1    2.0
  104  150   105  150    1    1.0
  104  151   102  150    1    2.4
  104  152   104  153    1    1.0
  104  155   104  154    1    1.0
  104  156   105  156    1    1.0
  104  162   104  161    1    1.0
  104  164   106  164    1    2.0
  104  165   106  165    1    2.0
  105  108   108  108    1    3.0
  105  109   108  109    1    3.0
  105  110   104  110    1    1.0
  105  114   105  115    1    1.0
  105  118   106  118    1    1.0
  105  119   106  118    1    2.0
  105  128   105  126    1    2.0
  105  129   105  130    1    1.0
  105  134   105  130    1    4.0
  105  135   105  136    1    1.0
  105  137   104  137    1    1.0
  105  138   104  138    1    1.0
  105  143   105  141    1    2.0
  105  146   104  144    1    3.0
  105  147   104  147    1    1.0
  105  148   107  148    1    2.0
  105  149   107  149    1    2.0
  105  151   105  150    1    1.0
  105  152   105  153    1    1.0
  105  155   105  153    1    2.0
  105  158   105  157    1    1.0
  105  159   106  159    1    1.0
  105  160   106  160    1    1.0
  105  161   106  161    1    1.0
  105  162   106  162    1    1.0
  106  103   107  103    1    1.0
  106  104   107  104    1    1.0
  106  110   108  110    1    2.0
  106  111   104  111    1    2.0
  106  112   104  112    1    2.0
  106  113   104  113    1    2.0
  106  114   106  116    1    2.0
  106  124   106  123    1    1.0
  106  128   106  126    1    2.0
  106  129   105  130    1    2.0
  106  134   106  131    1    3.0
  106  135   106  136    1    1.0
  106  138   106  137    1    1.0
  106  139   104  139    1    2.0
  106  140   105  140    1    1.0
  106  146   106  141    1    5.0
  106  147   108  147    1    2.0
  106  151   107  151    1    1.0
  106  152   107  152    1    1.0
  106  155   106  153    1    2.0
  106  166   106  165    1    1.0
  106  167   106  165    1    2.8
  107  102   107  103    1    1.0
  107  111   109  111    1    2.0
  107  112   110  112    1    3.0
  107  113   109  113    1    2.0
  107  114   108  114    1    1.0
  107  115   108  115    1    1.0
  107  120   107  119    1    1.0
  107  124   107  123    1    1.0
  107  128   106  126    1    3.0
  107  129   107  131    1    2.0
  107  135   107  131    1    4.0
  107  139   107  137    1    2.0
  107  140   107  141    1    1.0
  107  145   107  142    1    3.0
  107  146   108  146    1    1.0
  107  156   107  155    1    1.0
  107  160   106  160    1    1.0
  108  102   108  105    1    3.0
  108  116   108  115    1    1.0
  108  118   107  118    1    1.0
  108  120   108  119    1    1.0
  108  124   108  123    1    1.0
  108  128   105  125    1    6.0
  108  129   107  131    1    3.0
  108  135   108  132    1    3.0
  108  136   106  136    1    2.0
  108  137   107  137    1    1.0
  108  140   108  138    1    2.0
  108  142   107  142    1    1.0
  108  152   108  151    1    1.0
  108  156   108  155    1    1.0
  108  157   107  157    1    1.0
  108  160   108  159    1    1.0
  108  163   106  163    1    2.0
  108  164   106  164    1    2.0
  108  165   107  165    1    1.0
  108  166   107  166    1    1.0
  108  167   107  166    1    1.4
  109  101   113  101    1    4.0
  109  102   108  105    1    4.0
  109  106   108  106    1    1.0
  109  107   108  107    1    1.0
  109  108   108  108    1    1.0
  109  109   109  110    1    1.0
  109  114   109  113    1    1.0
  109  116   108  115    1    2.0
  109  117   107  117    1    2.0
  109  120   109  119    1    1.0
  109  121   106  121    1    3.0
  109  122   106  122    1    3.0
  109  128   109  123    1    5.0
  109  129   109  132    1    3.0
  109  136   109  132    1    4.0
  109  137   109  138    1    1.0
  109  140   109  138    1    2.0
  109  141   107  141    1    2.0
  109  150   109  149    1    1.0
  109  152   108  151    1    2.0
  109  157   109  156    1    1.0
  109  160   109  159    1    1.0
  109  161   106  161    1    3.0
  109  162   106  162    1    3.0
  109  163   110  163    1    1.0
  109  166   110  163    1    3.4
  109  167   111  169    1    4.8
  110   98   115   98    1    5.0
  110   99   115  100    1    6.0
  110  100   113  101    1    4.0
  110  102   116  102    1    6.0
  110  103   111  106    1    4.0
  110  107   111  107    1    1.0
  110  108   111  108    1    1.0
  110  109   112  109    1    2.0
  110  110   110  111    1    1.0
  110  117   110  112    1    5.0
  110  119   109  119    1    1.0
  110  122   110  120    1    2.0
  110  123   109  123    1    1.0
  110  128   110  124    1    4.0
  110  129   110  132    1    3.0
  110  137   110  132    1    5.0
  110  141   110  139    1    2.0
  110  143   110  144    1    1.0
  110  148   110  145    1    3.0
  110  152   109  149    1    4.0
  110  153   107  152    1    4.0
  110  158   107  157    1    4.0
  110  160   110  159    1    1.0
  110  161   113  161    1    3.0
  110  162   112  162    1    2.0
  110  165   111  163    1    2.4
  110  166   112  166    1    2.0
  110  167   111  169    1    3.0
  111   97   115   97    1    4.0
  111  103   113  104    1    3.0
  111  104   113  104    1    2.0
  111  105   111  106    1    1.0
  111  110   112  111    1    2.0
  111  117   111  112    1    5.0
  111  119   110  120    1    2.0
  111  123   111  121    1    2.0
  111  129   111  125    1    4.0
  111  130   110  132    1    3.0
  111  137   111  133    1    4.0
  111  138   109  138    1    2.0
  111  141   111  139    1    2.0
  111  142   108  143    1    4.0
  111  143   110  144    1    2.0
  111  148   111  145    1    3.0
  111  149   112  149    1    1.0
  111  151   112  150    1    2.0
  111  153   112  152    1    2.0
  111  154   107  154    1    4.0
  111  155   109  155    1    2.0
  111  158   111  157    1    1.0
  111  159   110  159    1    1.0
  111  160   113  160    1    2.0
  111  165   111  163    1    2.0
  111  167   112  167    1    1.0
  111  168   111  169    1    1.0
  111  170   113  170    1    2.0
  111  171   112  171    1    1.0
  112   96   115   96    1    3.0
  112  105   116  105    1    4.0
  112  106   112  109    1    3.0
  112  110   112  111    1    1.0
  112  117   112  112    1    5.0
  112  118   109  119    1    4.0
  112  123   112  122    1    1.0
  112  124   111  124    1    1.0
  112  129   112  125    1    4.0
  112  130   111  133    1    4.0
  112  138   112  134    1    4.0
  112  141   111  139    1    3.0
  112  142   112  145    1    3.0
  112  155   112  152    1    3.0
  112  156   110  156    1    2.0
  112  157   111  157    1    1.0
  112  158   113  160    1    2.4
  112  164   112  162    1    2.0
  112  165   112  166    1    1.0
  112  168   112  169    1    1.0
  113   94   114   94    1    1.0
  113   95   115   95    1    2.0
  113  106   113  109    1    3.0
  113  110   113  111    1    1.0
  113  118   113  111    1    7.0
  113  120   113  122    1    2.0
  113  123   113  122    1    1.0
  113  124   114  124    1    1.0
  113  125   112  125    1    1.0
  113  130   112  125    1    5.4
  113  131   113  134    1    3.0
  113  139   113  135    1    4.0
  113  141   114  140    1    2.0
  113  142   113  144    1    2.0
  113  149   113  146    1    3.0
  113  153   114  150    1    4.0
  113  154   115  154    1    2.0
  113  155   114  155    1    1.0
  113  157   114  155    1    2.4
  113  158   114  158    1    1.0
  113  159   113  160    1    1.0
  113  164   113  161    1    3.0
  113  165   113  167    1    2.0
  113  169   115  169    1    2.0
  113  172   113  171    1    1.0
  113  173   112  171    1    2.4
  114   93   114   94    1    1.0
  114  100   115  100    1    1.0
  114  103   114  104    1    1.0
  114  106   116  106    1    2.0
  114  107   115  108    1    2.0
  114  118   114  113    1    5.0
  114  119   111  121    1    5.0
  114  120   114  122    1    2.0
  114  130   114  124    1    6.0
  114  131   114  134    1    3.0
  114  138   113  135    1    4.0
  114  139   115  139    1    1.0
  114  141   114  140    1    1.0
  114  142   115  142    1    1.0
  114  143   113  144    1    2.0
  114  148   114  147    1    1.0
  114  149   115  149    1    1.0
  114  153   114  150    1    3.0
  114  156   114  155    1    1.0
  114  157   114  158    1    1.0
  114  163   114  160    1    3.0
  114  164   118  164    1    4.0
  114  165   114  168    1    3.0
  114  173   114  170    1    3.0
  115   93   117   93    1    2.0
  115  103   116  103    1    1.0
  115  107   115  108    1    1.0
  115  109   116  109    1    1.0
  115  113   115  110    1    3.0
  115  119   114  113    1    6.4
  115  120   115  121    1    1.0
  115  131   114  124    1    8.0
  115  132   114  134    1    3.0
  115  137   115  135    1    2.0
  115  138   116  138    1    1.0
  115  143   115  142    1    1.0
  115  144   115  145    1    1.0
  115  157   115  155    1    2.0
  115  158   115  160    1    2.0
  115  162   115  160    1    2.0
  115  163   118  164    1    3.4
  115  165   117  166    1    3.0
  115  167   116  168    1    2.0
  115  173   115  170    1    3.0
  116   92   117   92    1    1.0
  116   96   116   95    1    1.0
  116   98   115   98    1    1.0
  116   99   116  101    1    2.0
  116  119   116  110    1    9.0
  116  120   117  120    1    1.0
  116  121   115  121    1    1.0
  116  123   115  123    1    1.0
  116  131   116  124    1    7.0
  116  132   116  135    1    3.0
  116  144   116  139    1    5.0
  116  145   115  145    1    1.0
  116  146   115  147    1    2.0
  116  147   115  147    1    1.0
  116  148   115  148    1    1.0
  116  153   116  149    1    4.0
  116  157   118  154    1    5.0
  116  158   116  160    1    2.0
  116  162   117  161    1    2.0
  116  165   118  165    1    2.0
  116  167   117  167    1    1.0
  117   91   117   92    1    1.0
  117   96   117   94    1    2.0
  117   97   115   97    1    2.0
  117   98   117   99    1    1.0
  117  111   117  110    1    1.0
  117  112   118  112    1    1.0
  117  113   118  113    1    1.0
  117  115   118  114    1    2.0
  117  116   118  114    1    3.0
  117  118   119  117    1    3.0
  117  119   118  119    1    1.0
  117  121   117  120    1    1.0
  117  122   115  122    1    2.0
  117  123   117  124    1    1.0
  117  131   117  126    1    5.0
  117  132   117  135    1    3.0
  117  136   117  135    1    1.0
  117  137   116  137    1    1.0
  117  145   117  140    1    5.0
  117  151   117  150    1    1.0
  117  152   118  152    1    1.0
  117  153   118  153    1    1.0
  117  155   118  155    1    1.0
  117  156   118  156    1    1.0
  117  157   118  157    1    1.0
  117  158   118  157    1    2.0
  117  159   117  160    1    1.0
  117  162   117  161    1    1.0
  118   91   118   94    1    3.0
  118   97   118   94    1    3.0
  118   98   117   99    1    2.0
  118  100   117  100    1    1.0
  118  101   117  101    1    1.0
  118  102   117  103    1    2.0
  118  103   117  103    1    1.0
  118  104   117  104    1    1.0
  118  105   117  105    1    1.0
  118  106   117  106    1    1.0
  118  107   117  107    1    1.0
  118  108   118  109    1    1.0
  118  110   118  109    1    1.0
  118  118   119  118    1    1.0
  118  122   118  120    1    2.0
  118  123   117  124    1    2.0
  118  125   117  125    1    1.0
  118  132   118  126    1    6.0
  118  133   118  135    1    2.0
  118  137   118  135    1    2.0
  118  138   116  138    1    2.0
  118  139   117  139    1    1.0
  118  145   118  140    1    5.0
  118  146   117  149    1    4.0
  118  147   118  148    1    1.0
  118  159   118  160    1    1.0
  118  162   118  160    1    2.0
  118  163   118  164    1    1.0
  118  166   118  165    1    1.0
  118  167   117  167    1    1.0
  118  168   117  167    1    2.0
  118  169   116  168    1    3.0
  118  170   115  170    1    3.0
  118  171   115  170    1    3.4
  119   91   124   91    1    5.0
  119   92   119   94    1    2.0
  119   97   120   95    1    3.0
  119   98   120   99    1    2.0
  119  100   124  100    1    5.0
  119  101   123  101    1    4.0
  119  102   123  102    1    4.0
  119  103   122  103    1    3.0
  119  104   122  104    1    3.0
  119  105   122  105    1    3.0
  119  106   121  106    1    2.0
  119  107   121  107    1    2.0
  119  108   120  108    1    1.0
  119  110   119  109    1    1.0
  119  116   119  114    1    2.0
  119  121   119  119    1    2.0
  119  122   120  122    1    1.0
  119  123   120  123    1    1.0
  119  124   119  126    1    2.0
  119  132   119  126    1    6.0
  119  133   118  135    1    3.0
  119  139   119  136    1    3.0
  119  146   118  140    1    7.0
  119  147   119  148    1    1.0
  119  153   119  152    1    1.0
  119  154   118  154    1    1.0
  119  158   119  156    1    2.0
  119  159   119  160    1    1.0
  119  161   119  160    1    1.0
  119  162   120  162    1    1.0
  119  163   120  163    1    1.0
  119  171   119  166    1    5.0
  120   90   123   90    1    3.0
  120   92   120   95    1    3.0
  120   97   120   95    1    2.0
  120   98   120   99    1    1.0
  120  110   120  108    1    2.0
  120  116   120  115    1    1.0
  120  120   120  117    1    3.0
  120  124   120  123    1    1.0
  120  133   120  127    1    6.0
  120  134   120  136    1    2.0
  120  140   120  136    1    4.0
  120  144   121  141    1    4.0
  120  145   121  145    1    1.0
  120  147   121  145    1    2.4
  120  154   120  153    1    1.0
  120  155   119  155    1    1.0
  120  158   120  156    1    2.0
  120  159   121  159    1    1.0
  120  170   120  167    1    3.0
  120  171   120  167    1    5.4
  121   92   124   91    1    4.0
  121   93   121   95    1    2.0
  121   97   121   95    1    2.0
  121   98   121   99    1    1.0
  121  110   121  107    1    3.0
  121  111   118  111    1    3.0
  121  124   121  121    1    3.0
  121  125   120  126    1    2.0
  121  133   121  128    1    5.0
  121  134   120  136    1    3.0
  121  140   121  137    1    3.0
  121  143   121  141    1    2.0
  121  144   122  144    1    1.0
  121  146   121  145    1    1.0
  121  147   122  147    1    1.0
  121  148   119  148    1    2.0
  121  149   117  149    1    4.0
  121  154   121  153    1    1.0
  121  155   121  156    1    1.0
  121  157   121  156    1    1.0
  121  158   122  158    1    1.0
  121  160   121  159    1    1.0
  121  161   120  161    1    1.0
  121  162   120  162    1    1.0
  121  164   120  163    1    2.0
  121  165   119  165    1    2.0
  121  166   120  166    1    1.0
  122   93   127   93    1    5.0
  122   94   126   94    1    4.0
  122   97   122   95    1    2.0
  122   98   122   99    1    1.0
  122  111   122  108    1    3.0
  122  112   118  112    1    4.0
  122  124   122  118    1    6.0
  122  125   124  125    1    2.0
  122  126   120  126    1    2.0
  122  127   121  127    1    1.0
  122  134   122  128    1    6.0
  122  135   122  136    1    1.0
  122  139   122  138    1    1.0
  122  140   123  139    1    2.0
  122  142   122  141    1    1.0
  122  143   123  143    1    1.0
  122  146   123  146    1    1.0
  122  149   122  147    1    2.0
  122  150   118  150    1    4.0
  122  151   118  151    1    4.0
  122  154   122  155    1    1.0
  122  162   122  159    1    3.0
  122  163   120  163    1    2.0
  122  164   124  164    1    2.0
  122  165   123  165    1    1.0
  122  169   123  165    1    4.4
  123   89   123   90    1    1.0
  123   96   125   96    1    2.0
  123   97   124   97    1    1.0
  123   98   124   98    1    1.0
  123  105   122  105    1    1.0
  123  106   122  105    1    2.0
  123  107   122  107    1    1.0
  123  111   122  108    1    4.0
  123  112   123  113    1    1.0
  123  116   121  116    1    2.0
  123  124   123  119    1    5.0
  123  126   124  125    1    2.0
  123  127   123  128    1    1.0
  123  135   123  128    1    7.0
  123  136   122  136    1    1.0
  123  145   123  144    1    1.0
  123  147   123  146    1    1.0
  123  148   124  148    1    1.0
  123  151   124  149    1    3.0
  123  152   120  152    1    3.0
  123  153   121  153    1    2.0
  123  155   123  156    1    1.0
  123  162   123  159    1    3.0
  123  163   125  163    1    2.0
  123  169   123  165    1    4.0
  124   89   124   90    1    1.0
  124  103   123  102    1    2.0
  124  112   124  105    1    7.0
  124  113   123  113    1    1.0
  124  114   119  114    1    5.0
  124  115   120  115    1    4.0
  124  119   124  118    1    1.0
  124  123   124  120    1    3.0
  124  124   127  124    1    3.0
  124  127   126  127    1    2.0
  124  128   123  128    1    1.0
  124  132   124  130    1    2.0
  124  133   125  133    1    1.0
  124  135   125  134    1    2.0
  124  136   124  137    1    1.0
  124  152   124  149    1    3.0
  124  153   124  154    1    1.0
  124  155   123  156    1    1.4
  124  156   123  156    1    1.0
  124  158   122  158    1    2.0
  124  159   123  159    1    1.0
  124  161   124  160    1    1.0
  124  162   125  161    1    2.0
  124  170   124  168    1    2.0
  125   92   128   92    1    3.0
  125   97   125   96    1    1.0
  125   98   124   98    1    1.0
  125  108   125  105    1    3.0
  125  109   126  109    1    1.0
  125  111   126  109    1    2.4
  125  112   127  111    1    3.0
  125  113   127  113    1    2.0
  125  114   126  114    1    1.0
  125  115   125  116    1    1.0
  125  117   124  117    1    1.0
  125  121   125  120    1    1.0
  125  122   126  122    1    1.0
  125  123   126  122    1    1.4
  125  126   125  125    1    1.0
  125  128   126  127    1    2.0
  125  129   124  129    1    1.0
  125  131   125  130    1    1.0
  125  132   126  132    1    1.0
  125  136   125  134    1    2.0
  125  137   124  137    1    1.0
  125  152   125  142    1   10.0
  125  153   125  154    1    1.0
  125  155   125  156    1    1.0
  125  168   125  167    1    1.0
  125  170   125  169    1    1.0
  126   89   126   90    1    1.0
  126   98   126   95    1    3.0
  126   99   124   99    1    2.0
  126  100   124  100    1    2.0
  126  107   126  106    1    1.0
  126  110   126  109    1    1.0
  126  111   127  111    1    1.0
  126  115   126  114    1    1.0
  126  116   125  116    1    1.0
  126  120   125  120    1    1.0
  126  123   126  122    1    1.0
  126  129   127  129    1    1.0
  126  130   125  130    1    1.0
  126  131   126  132    1    1.0
  126  135   126  133    1    2.0
  126  137   128  136    1    3.0
  126  138   122  138    1    4.0
  126  139   123  139    1    3.0
  126  140   124  140    1    2.0
  126  141   124  141    1    2.0
  126  149   126  142    1    7.0
  126  150   127  150    1    1.0
  126  151   127  151    1    1.0
  126  152   127  152    1    1.0
  126  153   127  152    1    1.4
  126  155   126  156    1    1.0
  126  159   125  160    1    2.0
  126  160   125  160    1    1.0
  126  165   126  163    1    2.0
  126  166   125  163    1    4.0
  126  167   125  167    1    1.0
  126  168   127  168    1    1.0
  126  169   125  169    1    1.0
  126  171   127  170    1    2.0
  127   89   129   89    1    2.0
  127   91   128   91    1    1.0
  127   94   127   93    1    1.0
  127  100   126   95    1    6.0
  127  101   124  100    1    4.0
  127  109   127  108    1    1.0
  127  116   127  114    1    2.0
  127  117   126  118    1    2.0
  127  120   127  121    1    1.0
  127  127   128  127    1    1.0
  127  130   127  129    1    1.0
  127  131   127  132    1    1.0
  127  135   127  133    1    2.0
  127  138   128  137    1    2.0
  127  139   127  140    1    1.0
  127  145   127  143    1    2.0
  127  146   128  146    1    1.0
  127  147   128  147    1    1.0
  127  148   128  148    1    1.0
  127  149   128  149    1    1.0
  127  153   127  152    1    1.0
  127  154   125  154    1    2.0
  127  157   125  157    1    2.0
  127  159   126  161    1    2.4
  127  161   126  161    1    1.0
  127  164   127  162    1    2.0
  127  165   128  165    1    1.0
  127  166   128  166    1    1.0
  127  167   128  167    1    1.0
  127  171   127  170    1    1.0
  128   86   131   87    1    3.4
  128   87   129   88    1    2.0
  128   88   129   88    1    1.0
  128  101   128   92    1    9.0
  128  102   125  102    1    3.0
  128  117   128  113    1    4.0
  128  118   126  118    1    2.0
  128  119   125  118    1    4.0
  128  120   128  121    1    1.0
  128  131   129  129    1    3.0
  128  134   128  133    1    1.0
  128  139   128  137    1    2.0
  128  140   127  140    1    1.0
  128  141   127  141    1    1.0
  128  145   128  144    1    1.0
  128  154   128  151    1    3.0
  128  156   126  156    1    2.0
  128  159   128  161    1    2.0
  128  162   127  162    1    1.0
  128  168   128  167    1    1.0
  128  169   127  169    1    1.0
  129   84   132   84    1    3.0
  129   85   132   85    1    3.0
  129   90   129   89    1    1.0
  129   91   128   91    1    1.0
  129   92   128   92    1    1.0
  129  100   128   92    1    8.4
  129  102   130  101    1    2.0
  129  103   125  102    1    5.0
  129  105   125  105    1    4.0
  129  111   129  110    1    1.0
  129  112   130  112    1    1.0
  129  115   130  113    1    3.0
  129  116   130  116    1    1.0
  129  118   130  117    1    2.0
  129  119   130  119    1    1.0
  129  120   129  121    1    1.0
  129  131   129  129    1    2.0
  129  132   129  133    1    1.0
  129  134   129  133    1    1.0
  129  140   129  135    1    5.0
  129  141   127  143    1    4.0
  129  143   129  144    1    1.0
  129  150   129  146    1    4.0
  129  154   128  151    1    4.0
  129  155   126  156    1    3.4
  129  156   129  157    1    1.0
  129  158   128  158    1    1.0
  129  159   129  160    1    1.0
  129  162   129  163    1    1.0
  129  164   129  163    1    1.0
  129  165   128  165    1    1.0
  129  166   128  166    1    1.0
  129  168   128  167    1    2.0
  129  169   130  169    1    1.0
  130   82   133   82    1    3.0
  130   83   132   83    1    2.0
  130   87   131   87    1    1.0
  130  103   130  101    1    2.0
  130  104   123  104    1    7.0
  130  107   127  107    1    3.0
  130  114   130  113    1    1.0
  130  115   131  115    1    1.0
  130  120   130  119    1    1.0
  130  121   129  121    1    1.0
  130  130   130  129    1    1.0
  130  131   131  131    1    1.0
  130  132   131  132    1    1.0
  130  137   130  135    1    2.0
  130  141   131  138    1    4.0
  130  142   129  144    1    3.0
  130  155   130  145    1   10.0
  130  156   130  157    1    1.0
  130  158   130  159    1    1.0
  130  162   130  163    1    1.0
  130  164   130  163    1    1.0
  130  165   131  164    1    2.0
  130  166   132  165    1    3.0
  130  167   132  167    1    2.0
  130  168   131  168    1    1.0
  130  170   130  169    1    1.0
  131   81   132   81    1    1.0
  131   86   132   86    1    1.0
  131   89   131   87    1    2.0
  131   90   132   90    1    1.0
  131  102   132   91    1   12.0
  131  104   132  103    1    2.0
  131  105   130  106    1    2.0
  131  106   130  106    1    1.0
  131  107   131  108    1    1.0
  131  121   131  115    1    6.0
  131  122   127  122    1    4.0
  131  127   128  127    1    3.0
  131  129   130  129    1    1.0
  131  133   131  132    1    1.0
  131  142   131  138    1    4.0
  131  143   131  144    1    1.0
  131  150   131  146    1    4.0
  131  152   132  151    1    2.0
  131  153   134  153    1    3.0
  131  154   133  154    1    2.0
  131  155   132  155    1    1.0
  131  156   132  156    1    1.0
  131  157   130  157    1    1.0
  131  158   130  159    1    2.0
  131  162   130  163    1    1.4
  131  163   130  163    1    1.0
  131  170   131  169    1    1.0
  132   79   133   75    1    4.4
  132   80   132   81    1    1.0
  132   87   132   86    1    1.0
  132   88   131   87    1    1.4
  132   89   133   89    1    1.0
  132   96   132   91    1    5.0
  132  101   133   97    1    5.0
  132  102   133  102    1    1.0
  132  105   132  103    1    2.0
  132  106   132  107    1    1.0
  132  109   128  109    1    4.0
  132  121   132  115    1    6.0
  132  122   133  122    1    1.0
  132  123   127  123    1    5.0
  132  124   127  124    1    5.0
  132  127   132  128    1    1.0
  132  130   131  130    1    1.0
  132  133   132  131    1    2.0
  132  141   132  137    1    4.0
  132  143   133  142    1    2.0
  132  152   132  151    1    1.0
  132  157   132  156    1    1.0
  132  158   132  160    1    2.0
  132  168   132  167    1    1.0
  132  171   133  168    1    3.4
  133   78   133   75    1    3.0
  133   79   134   80    1    2.0
  133   83   133   82    1    1.0
  133   84   132   84    1    1.0
  133   85   132   85    1    1.0
  133   86   132   86    1    1.0
  133   87   134   87    1    1.0
  133   88   134   88    1    1.0
  133  101   133   97    1    4.0
  133  106   133  102    1    4.0
  133  111   130  111    1    3.0
  133  115   132  115    1    1.0
  133  117   133  116    1    1.0
  133  118   134  118    1    1.0
  133  119   134  119    1    1.0
  133  121   134  120    1    2.0
  133  124   133  122    1    2.0
  133  125   127  125    1    6.0
  133  126   128  126    1    5.0
  133  127   132  128    1    2.0
  133  131   133  130    1    1.0
  133  133   133  132    1    1.0
  133  134   131  134    1    2.0
  133  143   133  142    1    1.0
  133  144   131  144    1    2.0
  133  152   133  148    1    4.0
  133  157   133  155    1    2.0
  133  160   132  160    1    1.0
  133  163   133  164    1    1.0
  133  165   133  164    1    1.0
  133  169   133  168    1    1.0
  133  170   135  169    1    3.0
  133  171   136  171    1    3.0
  134   72   136   71    1    3.0
  134   73   135   73    1    1.0
  134   74   135   73    1    1.4
  134   76   134   75    1    1.0
  134   77   136   77    1    2.0
  134   78   136   78    1    2.0
  134   79   135   79    1    1.0
  134   81   134   80    1    1.0
  134  106   134  102    1    4.0
  134  107   132  107    1    2.0
  134  108   133  108    1    1.0
  134  110   129  110    1    5.0
  134  125   134  122    1    3.0
  134  126   134  128    1    2.0
  134  130   133  130    1    1.0
  134  132   134  131    1    1.0
  134  134   133  132    1    2.4
  134  135   132  135    1    2.0
  134  136   132  136    1    2.0
  134  144   134  139    1    5.0
  134  145   131  145    1    3.0
  134  146   131  146    1    3.0
  134  152   134  149    1    3.0
  134  157   134  154    1    3.0
  134  158   133  159    1    2.0
  134  159   133  159    1    1.0
  134  161   133  161    1    1.0
  134  162   132  164    1    4.0
  134  163   133  164    1    2.0
  134  166   133  166    1    1.0
  134  169   134  168    1    1.0
  135   70   136   70    1    1.0
  135   75   137   75    1    2.0
  135   76   136   76    1    1.0
  135   85   134   85    1    1.0
  135  100   135   91    1    9.0
  135  101   136  101    1    1.0
  135  104   136  102    1    3.0
  135  106   136  105    1    2.0
  135  107   137  107    1    2.0
  135  108   137  108    1    2.0
  135  109   133  108    1    3.0
  135  110   135  111    1    1.0
  135  125   135  118    1    7.0
  135  126   135  127    1    1.0
  135  129   134  129    1    1.0
  135  130   135  131    1    1.0
  135  132   135  131    1    1.0
  135  133   136  133    1    1.0
  135  134   136  133    1    1.4
  135  135   137  135    1    2.0
  135  136   137  136    1    2.0
  135  137   133  137    1    2.0
  135  138   133  138    1    2.0
  135  143   135  140    1    3.0
  135  144   136  144    1    1.0
  135  145   136  145    1    1.0
  135  146   136  145    1    2.0
  135  147   132  147    1    3.0
  135  157   135  153    1    4.0
  135  158   137  158    1    2.0
  135  159   137  158    1    2.4
  135  160   133  161    1    2.4
  135  161   135  162    1    1.0
  135  167   133  167    1    2.0
  135  168   134  168    1    1.0
  136   73   137   73    1    1.0
  136   74   137   74    1    1.0
  136   81   135   80    1    2.0
  136   82   134   82    1    2.0
  136   84   134   84    1    2.0
  136   90   136   89    1    1.0
  136  106   136  105    1    1.0
  136  110   137  108    1    3.0
  136  111   135  111    1    1.0
  136  112   134  112    1    2.0
  136  114   131  114    1    5.0
  136  126   136  119    1    7.0
  136  127   135  127    1    1.0
  136  128   135  128    1    1.0
  136  129   136  130    1    1.0
  136  131   135  131    1    1.0
  136  134   136  133    1    1.0
  136  138   137  137    1    2.0
  136  139   135  139    1    1.0
  136  142   136  141    1    1.0
  136  143   139  143    1    3.0
  136  147   138  147    1    2.0
  136  148   133  148    1    3.0
  136  149   134  149    1    2.0
  136  157   136  152    1    5.0
  136  162   135  162    1    1.0
  136  163   136  166    1    3.0
  136  167   136  166    1    1.0
  136  168   136  169    1    1.0
  136  173   136  171    1    2.0
  137   69   140   68    1    3.4
  137   71   138   71    1    1.0
  137   72   138   72    1    1.0
  137   82   137   81    1    1.0
  137   84   137   83    1    1.0
  137  106   137  103    1    3.0
  137  110   138  110    1    1.0
  137  111   138  111    1    1.0
  137  112   138  112    1    1.0
  137  114   131  113    1    7.0
  137  115   134  116    1    4.0
  137  126   137  120    1    6.0
  137  127   136  130    1    4.0
  137  131   137  132    1    1.0
  137  139   137  137    1    2.0
  137  140   136  140    1    1.0
  137  141   136  141    1    1.0
  137  142   139  142    1    2.0
  137  145   137  144    1    1.0
  137  146   138  146    1    1.0
  137  148   138  147    1    2.0
  137  149   139  149    1    2.0
  137  150   135  150    1    2.0
  137  163   137  165    1    2.0
  137  167   136  169    1    3.0
  137  173   137  171    1    2.0
  138   69   139   69    1    1.0
  138   73   138   72    1    1.0
  138   74   137   74    1    1.0
  138   77   136   77    1    2.0
  138   78   136   78    1    2.0
  138   79   136   78    1    3.0
  138   80   136   80    1    2.0
  138   86   136   86    1    2.0
  138  102   138   93    1    9.0
  138  108   138  106    1    2.0
  138  109   139  109    1    1.0
  138  127   138  121    1    6.0
  138  128   138  129    1    1.0
  138  136   137  136    1    1.0
  138  138   138  137    1    1.0
  138  139   139  139    1    1.0
  138  140   139  139    1    2.0
  138  141   140  141    1    2.0
  138  145   138  144    1    1.0
  138  150   139  150    1    1.0
  138  151   136  151    1    2.0
  138  158   138  155    1    3.0
  138  164   137  165    1    2.0
  138  166   138  167    1    1.0
  138  171   138  170    1    1.0
  139   74   139   73    1    1.0
  139   75   137   75    1    2.0
  139   76   138   76    1    1.0
  139   80   139   81    1    1.0
  139   84   138   83    1    2.0
  139   85   136   86    1    4.0
  139   86   139   87    1    1.0
  139  106   139   94    1   12.0
  139  107   140  107    1    1.0
  139  108   140  108    1    1.0
  139  114   139  110    1    4.0
  139  115   138  112    1    4.0
  139  116   134  116    1    5.0
  139  128   139  123    1    5.0
  139  133   138  133    1    1.0
  139  134   138  133    1    2.0
  139  135   137  135    1    2.0
  139  136   139  137    1    1.0
  139  147   140  147    1    1.0
  139  148   140  148    1    1.0
  139  151   139  150    1    1.0
  139  152   137  152    1    2.0
  139  153   137  153    1    2.0
  139  158   139  157    1    1.0
  139  165   138  167    1    2.4
  139  168   138  169    1    2.0
  139  172   139  170    1    2.0
  139  173   137  171    1    3.4
  140   70   139   70    1    1.0
  140   71   139   71    1    1.0
  140   72   139   72    1    1.0
  140   76   139   73    1    4.0
  140   77   139   77    1    1.0
  140   78   139   78    1    1.0
  140   79   139   78    1    2.0
  140   80   140   81    1    1.0
  140   83   138   83    1    2.0
  140   88   135   88    1    5.0
  140  106   140   95    1   11.0
  140  109   140  108    1    1.0
  140  110   139  110    1    1.0
  140  113   139  110    1    3.4
  140  114   141  114    1    1.0
  140  116   141  115    1    2.0
  140  117   134  117    1    6.0
  140  128   140  124    1    4.0
  140  129   138  129    1    2.0
  140  130   138  130    1    2.0
  140  135   140  134    1    1.0
  140  136   140  137    1    1.0
  140  144   139  144    1    1.0
  140  153   140  149    1    4.0
  140  154   137  154    1    3.0
  140  167   138  167    1    2.0
  140  168   139  170    1    3.0
  140  172   140  171    1    1.0
  140  173   142  173    1    2.0
  141   69   140   68    1    1.4
  141   71   140   68    1    3.4
  141   82   137   81    1    4.4
  141   89   137   89    1    4.0
  141  104   141  102    1    2.0
  141  110   141  107    1    3.0
  141  111   142  111    1    1.0
  141  116   141  115    1    1.0
  141  117   142  117    1    1.0
  141  118   135  118    1    6.0
  141  120   137  120    1    4.0
  141  130   141  125    1    5.0
  141  131   139  132    1    3.0
  141  136   141  135    1    1.0
  141  140   140  140    1    1.0
  141  141   140  141    1    1.0
  141  145   139  145    1    2.0
  141  154   141  148    1    6.0
  141  155   138  155    1    3.0
  141  157   139  157    1    2.0
  141  168   141  171    1    3.0
  141  172   141  171    1    1.0
  142   80   140   81    1    3.0
  142   81   142   82    1    1.0
  142   88   140   87    1    2.4
  142   91   136   91    1    6.0
  142  102   142   95    1    7.0
  142  106   142  105    1    1.0
  142  108   141  107    1    2.0
  142  113   142  112    1    1.0
  142  115   142  114    1    1.0
  142  116   143  116    1    1.0
  142  118   142  117    1    1.0
  142  119   136  119    1    6.0
  142  130   142  126    1    4.0
  142  133   140  133    1    2.0
  142  141   142  140    1    1.0
  142  142   140  141    1    3.0
  142  143   140  143    1    2.0
  142  144   140  143    1    2.4
  142  153   142  148    1    5.0
  142  155   144  153    1    4.0
  142  156   139  156    1    3.0
  142  169   142  171    1    2.0
  143   81   142   82    1    1.4
  143   88   143   89    1    1.0
  143   90   142   90    1    1.0
  143  103   143   96    1    7.0
  143  104   142  104    1    1.0
  143  107   142  105    1    3.0
  143  108   144  108    1    1.0
  143  112   143  109    1    3.0
  143  113   144  113    1    1.0
  143  114   142  114    1    1.0
  143  117   143  116    1    1.0
  143  118   144  118    1    1.0
  143  119   144  118    1    2.0
  143  120   142  121    1    2.0
  143  121   142  121    1    1.0
  143  122   139  122    1    4.0
  143  123   140  123    1    3.0
  143  130   143  127    1    3.0
  143  131   142  132    1    2.0
  143  136   142  135    1    2.0
  143  144   143  141    1    3.0
  143  145   142  146    1    2.0
  143  146   142  146    1    1.0
  143  152   143  150    1    2.0
  143  156   144  155    1    2.0
  143  169   143  171    1    2.0
  143  173   142  173    1    1.0
  144   82   142   82    1    2.0
  144   83   141   83    1    3.0
  144   85   140   85    1    4.0
  144   87   140   87    1    4.0
  144   88   144   89    1    1.0
  144   90   144   91    1    1.0
  144   93   139   93    1    5.0
  144  102   144   96    1    6.0
  144  103   145  103    1    1.0
  144  105   145  103    1    2.4
  144  106   145  106    1    1.0
  144  109   144  108    1    1.0
  144  111   146  109    1    4.0
  144  112   145  112    1    1.0
  144  124   141  124    1    3.0
  144  131   144  129    1    2.0
  144  132   142  132    1    2.0
  144  136   144  135    1    1.0
  144  137   140  137    1    4.0
  144  144   144  142    1    2.0
  144  147   141  147    1    3.0
  144  157   144  155    1    2.0
  144  170   144  171    1    1.0
  145   85   140   84    1    5.4
  145   86   140   86    1    5.0
  145   87   145   88    1    1.0
  145   90   145   91    1    1.0
  145   92   143   92    1    2.0
  145  107   145  106    1    1.0
  145  108   146  108    1    1.0
  145  109   146  109    1    1.0
  145  114   145  113    1    1.0
  145  116   147  113    1    4.4
  145  117   144  117    1    1.0
  145  125   142  125    1    3.0
  145  126   143  126    1    2.0
  145  127   144  127    1    1.0
  145  128   144  128    1    1.0
  145  129   144  129    1    1.0
  145  133   143  134    1    3.0
  145  134   143  134    1    2.0
  145  135   144  135    1    1.0
  145  137   144  135    1    2.4
  145  138   139  138    1    6.0
  145  139   141  139    1    4.0
  145  142   144  142    1    1.0
  145  143   144  142    1    1.4
  145  148   142  148    1    3.0
  145  158   145  153    1    5.0
  145  171   144  171    1    1.0
  145  172   144  172    1    1.0
  145  173   144  172    1    2.0
  146   86   146   87    1    1.0
  146   89   144   89    1    2.0
  146   91   145   91    1    1.0
  146   92   146   93    1    1.0
  146   94   145   94    1    1.0
  146  106   146   98    1    8.0
  146  107   147  107    1    1.0
  146  112   147  112    1    1.0
  146  113   147  113    1    1.0
  146  140   142  140    1    4.0
  146  141   143  141    1    3.0
  146  149   143  149    1    3.0
  146  158   146  155    1    3.0
  147   87   146   87    1    1.0
  147   89   147   90    1    1.0
  147  108   147  107    1    1.0
  147  109   148  109    1    1.0
  147  110   148  110    1    1.0
  147  150   144  150    1    3.0
  147  151   144  151    1    3.0
  147  157   147  155    1    2.0
  148   88   147   88    1    1.0
  148   89   147   88    1    1.4
  148   90   147   90    1    1.0
  148   91   147   92    1    2.0
  148   93   147   93    1    1.0
  148   94   147   95    1    2.0
  148   96   144   96    1    4.0
  148  104   148   98    1    6.0
  148  106   149  105    1    2.0
  148  107   149  105    1    3.0
  148  108   149  108    1    1.0
  148  111   148  110    1    1.0
  148  112   147  112    1    1.0
  148  152   144  152    1    4.0
  148  153   145  153    1    3.0
  148  155   147  155    1    1.0
  149   91   148   92    1    1.4
  149   93   149   94    1    1.0
  149   96   149   97    1    1.0
  149  111   149  108    1    3.0
  149  154   146  154    1    3.0
  150   92   148   92    1    2.0
  150   93   150   94    1    1.0
  150   95   149   95    1    1.0
  150   96   150   97    1    1.0
  151   93   150   94    1    2.0
  151  106   151  100    1    6.0
  152   93   152   95    1    2.0
  152   97   150   97    1    2.0
  152   98   149   98    1    3.0
  152   99   150   99    1    2.0
  152  100   151  100    1    1.0
  152  105   152  101    1    4.0
  152  106   153  104    1    2.4
  153   93   152   95    1    2.4
  153   95   152   95    1    1.0
  153   96   151   96    1    2.0
  153   98   153  101    1    3.0
  154   99   154  101    1    2.0
  154  103   153  102    1    2.0
  154  104   153  104    1    1.0
  155   99   154  101    1    3.0
   77  144    81  145    2    4.4
   80  148    81  145    2    4.0
   81  141    83  144    2    4.4
   82  147    82  145    2    2.0
   85  143    86  143    2    1.0
   85  146    86  146    2    1.0
   85  151    86  146    2    6.0
   87  138    94  138    2    7.0
   87  150    86  146    2    4.4
   88  141    89  142    2    1.4
   89  123    94  123    2    5.0
   89  143    89  142    2    1.0
   89  150    91  145    2    6.4
   89  154    91  152    2    3.4
   90  119    94  123    2    6.2
   90  140    91  140    2    1.0
   91  148    91  145    2    3.0
   91  154    91  152    2    2.0
   92  131    94  130    2    3.0
   92  134    95  135    2    3.4
   92  156    96  157    2    5.0
   93  117   100  116    2    8.0
   93  129    94  130    2    2.0
   93  135    95  135    2    2.0
   93  148    92  143    2    5.4
   94  127    97  126    2    4.0
   94  153    94  151    2    2.0
   95  146    94  139    2    7.4
   96  114    98  115    2    2.4
   96  117   101  117    2    5.0
   96  119   102  118    2    7.0
   96  122    96  125    2    3.0
   96  143    96  137    2    6.0
   96  148    98  149    2    3.0
   96  155   101  155    2    5.0
   96  160    96  157    2    3.0
   97  125    97  126    2    1.0
   97  127    98  127    2    1.0
   97  132    98  131    2    2.0
   98  111   101  110    2    4.0
   98  114    98  115    2    1.0
   98  121   106  121    2    8.0
   98  138    96  137    2    2.4
   98  157    98  156    2    1.0
   98  161   100  156    2    6.4
   99  145   103  143    2    6.0
  100  109   101  109    2    1.0
  100  113   104  113    2    4.0
  100  141   104  141    2    4.0
  100  153   102  154    2    3.0
  102  107   101  109    2    2.4
  102  123   106  123    2    4.0
  102  134   101  134    2    1.0
  102  150   102  148    2    2.0
  102  160   104  158    2    4.0
  103  157   104  157    2    1.0
  103  163   106  163    2    3.0
  104  110   104  112    2    2.0
  104  147   104  141    2    6.0
  104  161   104  158    2    3.0
  105  150   107  150    2    2.0
  106  118   107  116    2    2.4
  106  126   105  126    2    1.0
  106  136   105  136    2    1.0
  107  103   110  112    2   12.0
  107  141   106  141    2    1.0
  107  157   106  156    2    1.4
  107  166   106  163    2    4.0
  108  151   108  148    2    3.0
  109  149   109  144    2    5.0
  110  159   106  159    2    4.0
  110  163   114  160    2    5.2
  111  106   115  110    2    7.4
  111  139   105  136    2    7.2
  111  157   107  154    2    6.4
  111  169   113  170    2    2.4
  112  111   113  111    2    1.0
  112  125   106  123    2    7.4
  112  152   112  145    2    7.0
  112  166   115  169    2    5.4
  112  171   113  170    2    2.0
  113  101   115  101    2    2.0
  113  104   116  104    2    3.0
  113  135   113  134    2    1.0
  113  144   112  145    2    2.0
  113  160   114  160    2    1.0
  114   94   117   94    2    3.0
  114  113   114  111    2    2.0
  114  124   114  123    2    1.0
  114  140   115  140    2    1.0
  114  150   115  150    2    1.0
  114  155   115  150    2    6.0
  114  158   114  160    2    2.0
  115   98   117   94    2    5.4
  115  100   115  101    2    1.0
  115  108   116  108    2    1.0
  115  121   113  122    2    3.0
  115  142   115  140    2    2.0
  115  145   113  146    2    3.0
  115  147   114  147    2    1.0
  117   92   117   94    2    2.0
  117   99   116  101    2    3.0
  117  103   118  109    2    7.0
  117  120   121  116    2    8.0
  117  124   116  124    2    1.0
  117  161   117  160    2    1.0
  118  114   118  113    2    1.0
  118  140   116  139    2    3.0
  118  157   118  155    2    2.0
  118  164   119  164    2    1.0
  119  148   117  149    2    2.4
  120   99   124   99    2    4.0
  120  123   122  118    2    7.0
  120  126   119  126    2    1.0
  120  167   119  164    2    4.0
  121  141   123  141    2    2.0
  121  145   123  141    2    6.0
  121  153   118  151    2    4.4
  122  108   121  107    2    2.0
  122  136   122  137    2    1.0
  122  147   124  145    2    2.8
  123   90   126   90    2    3.0
  123  113   118  113    2    5.0
  123  165   124  164    2    1.4
  124   91   126   90    2    3.0
  124  125   127  125    2    3.0
  124  137   122  137    2    2.0
  124  149   124  145    2    4.0
  125  102   123  102    2    2.0
  125  116   122  117    2    4.0
  125  130   119  126    2    8.8
  125  134   128  133    2    4.0
  125  154   122  156    2    4.4
  125  167   124  167    2    1.0
  125  169   124  167    2    2.4
  126  109   127  108    2    2.0
  126  114   128  110    2    6.0
  126  118   123  118    2    3.0
  126  122   126  121    2    1.0
  126  127   127  125    2    3.0
  126  132   128  133    2    3.0
  126  156   124  157    2    2.4
  126  161   125  161    2    1.0
  127  111   128  110    2    2.0
  127  129   128  127    2    3.0
  127  140   126  142    2    3.0
  127  152   128  150    2    3.0
  127  170   128  163    2    7.4
  128  137   130  133    2    6.0
  128  151   128  150    2    1.0
  129  121   126  121    2    3.0
  129  129   129  128    2    1.0
  130  101   130   88    2   13.0
  130  106   126  106    2    4.0
  130  113   130  112    2    1.0
  130  119   131  114    2    5.4
  130  157   124  157    2    8.0
  130  159   130  160    2    1.0
  130  169   133  167    2    4.4
  131  138   131  135    2    3.0
  131  144   130  145    2    2.0
  132   81   133   81    2    1.0
  132   91   133   90    2    2.0
  132  103   134   88    2   16.4
  132  107   132  108    2    1.0
  132  128   131  128    2    1.0
  132  151   132  147    2    4.0
  132  156   135  151    2    8.0
  133   75   139   70    2    9.8
  133   97   133   90    2    7.0
  133  108   132  108    2    1.0
  133  122   134  117    2    6.0
  133  132   131  131    2    2.4
  133  142   133  138    2    4.0
  133  159   130  160    2    3.4
  133  161   129  161    2    4.0
  133  164   132  164    2    1.0
  133  168   133  167    2    1.0
  134  116   133  116    2    1.0
  135  111   130  112    2    6.0
  135  127   132  129    2    5.0
  135  162   134  165    2    4.0
  136   86   134   86    2    2.0
  136  105   136   91    2   14.0
  136  130   135  131    2    1.4
  136  133   136  132    2    1.0
  136  141   133  138    2    5.4
  136  145   139  144    2    4.0
  136  171   136  170    2    1.0
  137  108   137   92    2   17.4
  137  137   137  136    2    1.0
  137  158   137  154    2    4.0
  137  165   134  165    2    4.4
  137  171   137  170    2    1.0
  138   83   134   83    2    4.0
  138  112   141   95    2   20.8
  138  129   138  132    2    3.0
  138  133   137  133    2    1.0
  138  147   139  145    2    3.0
  138  167   137  170    2    3.4
  139   73   139   70    2    3.0
  139   78   137   75    2    4.4
  139  150   140  147    2    4.0
  139  157   137  154    2    3.8
  140   81   135   79    2    6.4
  140   87   139   87    2    1.0
  140  137   138  137    2    2.0
  140  143   139  143    2    1.0
  141  115   141  113    2    2.0
  142   82   139   87    2    6.2
  142  114   141  113    2    1.4
  142  117   144  115    2    3.4
  142  121   138  121    2    4.0
  142  132   139  132    2    3.0
  142  146   140  146    2    2.0
  142  173   142  172    2    1.0
  143  134   140  134    2    3.0
  144  118   144  115    2    3.0
  144  129   138  121    2   13.4
  144  135   140  134    2    4.4
  144  142   140  139    2    5.2
  144  155   144  152    2    3.0
  144  171   141  171    2    3.0
  144  172   142  172    2    2.0
  146   87   146   88    2    1.0
  146  109   147   98    2   11.4
  147   88   146   88    2    1.0
  147   90   137   92    2   11.4
  147  113   147  111    2    2.0
  147  155   144  152    2    4.8
  148   92   140   94    2   10.0
  149  105   149   99    2    6.0
  150   94   143   95    2    8.0
  152   95   146   97    2    7.4
  153  104   153  101    2    3.0
  154  101   153  101    2    1.0
   81  145    86  144    3    6.0
   86  146    86  144    3    2.0
   91  145    93  140    3    5.8
   91  152   105  141    3   21.5
   94  123   100  129    3    8.5
   94  130    98  130    3    4.0
   95  135    96  135    3    1.0
   96  157   106  153    3   12.2
   98  115   106  120    3   11.2
  101  109   107  116    3   11.2
  104  158   106  156    3    4.0
  105  136   104  136    3    1.0
  106  163   106  156    3    7.0
  113  170   120  160    3   14.1
  114  160   120  160    3    6.0
  115  101   117  110    3   10.4
  115  140   116  135    3    6.0
  115  150   115  148    3    2.0
  117   94   126   95    3    9.4
  119  126   107  118    3   15.9
  123  141   124  141    3    1.0
  124  145   124  141    3    4.0
  124  157   122  156    3    3.0
  124  167   126  162    3    6.4
  126   90   128   90    3    2.0
  128  110   128  109    3    1.0
  128  133   130  133    3    2.0
  128  150   129  144    3    7.0
  130  160   127  162    3    4.4
  132  108   127  108    3    5.0
  133   90   134   88    3    2.4
  133  138   130  133    3    7.4
  134  165   133  166    3    1.4
  137  154   129  144    3   14.5
  138  121   128  109    3   16.1
  139   87   134   87    3    5.0
  140  134   136  132    3    5.4
  141  113   145   97    3   18.8
  142  172   133  166    3   12.7
  144  115   150  100    3   19.2
  144  152   136  132    3   26.5
  146   88   135   88    3   13.8
  153  101   150  100    3    3.4
   86  144    99  132    4   22.7
  106  156   108  143    4   15.2
  120  160   122  159    4    2.4
  128  109   122  104    4    8.7
  129  144   102  129    4   34.4
  130  133   129  128    4    6.2
  133  166   122  159    4   15.1
  136  132   129  128    4    8.7
  150  100   133   82    4   33.2
  122  159   117  110    5   78.5
  129  128   117  110    5   24.1
  117  110   140   68    6   52.7
