           1  0.0000000E+00
           2  0.0000000E+00
           3  0.0000000E+00
           4  0.0000000E+00
           5  0.0000000E+00
           6  0.0000000E+00
           7  0.0000000E+00
           8  0.0000000E+00
           9  0.0000000E+00
          10  0.0000000E+00
          11  0.0000000E+00
          12  0.0000000E+00
          13  0.0000000E+00
          14  0.0000000E+00
          15  1.6137440E-02
          16   1.508257    
          17   9.795184    
          18   18.80676    
          19   16.73312    
          20   10.04584    
          21   5.829522    
          22   6.839942    
          23   7.036710    
          24   3.384453    
